2025-04-18 16:31:14 [[32minfo[39m] User model initialized with authentication and logging hooks
2025-04-18 16:31:17 [[32minfo[39m] User model initialized with authentication and logging hooks
2025-04-18 16:36:40 [[32minfo[39m] User model initialized with authentication and logging hooks
2025-04-18 16:36:57 [[32minfo[39m] User model initialized with authentication and logging hooks
2025-04-18 16:37:14 [[32minfo[39m] User model initialized with authentication and logging hooks
2025-04-18 16:38:18 [[32minfo[39m] User model initialized with authentication and logging hooks
2025-04-18 16:38:22 [[32minfo[39m] User model initialized with authentication and logging hooks
2025-04-18 16:38:27 [[32minfo[39m] User model initialized with authentication and logging hooks
2025-04-18 16:39:07 [[32minfo[39m] User model initialized with authentication and logging hooks
2025-04-18 16:39:13 [[32minfo[39m] User model initialized with authentication and logging hooks
2025-04-18 16:39:26 [[32minfo[39m] User model initialized with authentication and logging hooks
2025-04-18 16:40:06 [[32minfo[39m] User model initialized with authentication and logging hooks
2025-04-18 16:43:51 [[32minfo[39m] User model initialized with authentication and logging hooks
2025-04-18 16:44:05 [[32minfo[39m] User model initialized with authentication and logging hooks
2025-04-18 16:44:10 [[32minfo[39m] User model initialized with authentication and logging hooks
2025-04-18 16:44:39 [[32minfo[39m] User model initialized with authentication and logging hooks
2025-04-18 16:45:36 [[32minfo[39m] User model initialized with authentication and logging hooks
2025-04-18 16:49:42 [[31merror[39m] Failed to create User document
2025-04-18 16:49:42 [[32minfo[39m] [31m500[0m POST /signup
2025-04-18 16:49:57 [[32minfo[39m] Hashing password for user 6802669591ddba2b4de551eb
2025-04-18 16:49:57 [[34mdebug[39m] Password hashed successfully for user 6802669591ddba2b4de551eb
2025-04-18 16:49:57 [[34mdebug[39m] No password change detected for user 6802669591ddba2b4de551eb
2025-04-18 16:49:58 [[31merror[39m] Failed to create User document
2025-04-18 16:49:58 [[32minfo[39m] [31m500[0m POST /signup
2025-04-18 16:50:21 [[32minfo[39m] Hashing password for user 680266ad91ddba2b4de551ed
2025-04-18 16:50:21 [[34mdebug[39m] Password hashed successfully for user 680266ad91ddba2b4de551ed
2025-04-18 16:50:21 [[34mdebug[39m] No password change detected for user 680266ad91ddba2b4de551ed
2025-04-18 16:50:21 [[34mdebug[39m] User updated: 680266ad91ddba2b4de551ed
2025-04-18 16:50:21 [[32minfo[39m] New User document created
2025-04-18 16:50:21 [[32minfo[39m] New user created: nabil@gmail.com
2025-04-18 16:50:21 [[34mdebug[39m] Password not modified for user 680266ad91ddba2b4de551ed
2025-04-18 16:50:21 [[34mdebug[39m] No password change detected for user 680266ad91ddba2b4de551ed
2025-04-18 16:50:22 [[34mdebug[39m] User updated: 680266ad91ddba2b4de551ed
2025-04-18 16:50:22 [[34mdebug[39m] User saved: nabil@gmail.com
2025-04-18 16:50:22 [[32minfo[39m] [31m500[0m POST /signup
2025-04-18 16:55:04 [[32minfo[39m] User model initialized with authentication and logging hooks
2025-04-18 16:55:16 [[32minfo[39m] Hashing password for user 680267d4af6efbd158829a25
2025-04-18 16:55:16 [[34mdebug[39m] Password hashed successfully for user 680267d4af6efbd158829a25
2025-04-18 16:55:16 [[34mdebug[39m] No password change detected for user 680267d4af6efbd158829a25
2025-04-18 16:55:16 [[34mdebug[39m] User updated: 680267d4af6efbd158829a25
2025-04-18 16:55:16 [[32minfo[39m] New User document created
2025-04-18 16:55:16 [[32minfo[39m] New user created: nabil@gmail.com
2025-04-18 16:55:16 [[34mdebug[39m] Password not modified for user 680267d4af6efbd158829a25
2025-04-18 16:55:16 [[34mdebug[39m] No password change detected for user 680267d4af6efbd158829a25
2025-04-18 16:55:16 [[34mdebug[39m] User updated: 680267d4af6efbd158829a25
2025-04-18 16:55:16 [[34mdebug[39m] User saved: nabil@gmail.com
2025-04-18 16:55:19 [[32minfo[39m] OTP sent to nabil@gmail.com
2025-04-18 16:55:19 [[32minfo[39m] [32m201[0m POST /signup
2025-04-18 16:56:47 [[34mdebug[39m] Applying active user filter to query
2025-04-18 16:56:47 [[33mwarn[39m] User not found with email: nabil@gmail.com
2025-04-18 16:56:47 [[32minfo[39m] [33m404[0m POST /verify-otp
2025-04-18 16:57:08 [[34mdebug[39m] Applying active user filter to query
2025-04-18 16:57:08 [[33mwarn[39m] User not found with email: nabil@gmail.com
2025-04-18 16:57:08 [[32minfo[39m] [33m404[0m POST /verify-otp
2025-04-18 16:58:03 [[32minfo[39m] User model initialized with authentication and logging hooks
2025-04-18 16:58:06 [[34mdebug[39m] Applying active user filter to query
2025-04-18 16:58:06 [[33mwarn[39m] User not found with email: nabil@gmail.com
2025-04-18 16:58:06 [[32minfo[39m] [33m404[0m POST /verify-otp
2025-04-18 16:58:25 [[34mdebug[39m] Applying active user filter to query
2025-04-18 16:58:25 [[33mwarn[39m] User not found with email: nabil@gmail.com
2025-04-18 16:58:25 [[32minfo[39m] [33m404[0m POST /verify-otp
2025-04-18 16:58:39 [[32minfo[39m] User model initialized with authentication and logging hooks
2025-04-18 16:58:45 [[32minfo[39m] User model initialized with authentication and logging hooks
2025-04-18 16:58:48 [[34mdebug[39m] Applying active user filter to query
2025-04-18 16:58:48 [[33mwarn[39m] User not found with email: nabil@gmail.com
2025-04-18 16:58:48 [[32minfo[39m] [33m404[0m POST /verify-otp
2025-04-18 16:59:03 [[32minfo[39m] User model initialized with authentication and logging hooks
2025-04-18 16:59:28 [[32minfo[39m] User model initialized with authentication and logging hooks
2025-04-18 16:59:30 [[34mdebug[39m] Applying active user filter to query
2025-04-18 16:59:31 [[33mwarn[39m] User not found with email: nabil@gmail.com
2025-04-18 16:59:31 [[32minfo[39m] [33m404[0m POST /verify-otp
2025-04-18 17:03:52 [[32minfo[39m] User model initialized with authentication and logging hooks
2025-04-18 17:04:16 [[32minfo[39m] User model initialized with authentication and logging hooks
2025-04-18 17:04:42 [[32minfo[39m] User model initialized with authentication and logging hooks
2025-04-18 17:04:45 [[32minfo[39m] [31m500[0m POST /verify-otp
2025-04-18 17:05:16 [[34mdebug[39m] Password not modified for user 679f9a3a9405e52300a6a745
2025-04-18 17:05:16 [[34mdebug[39m] No password change detected for user 679f9a3a9405e52300a6a745
2025-04-18 17:05:16 [[34mdebug[39m] User updated: 679f9a3a9405e52300a6a745
2025-04-18 17:05:16 [[34mdebug[39m] User saved: assil@gmail.com
2025-04-18 17:05:19 [[32minfo[39m] OTP resent to assil@gmail.com
2025-04-18 17:05:19 [[32minfo[39m] [32m200[0m POST /resend-otp
2025-04-18 17:05:30 [[32minfo[39m] [33m400[0m POST /verify-otp
2025-04-18 17:05:44 [[32minfo[39m] [33m400[0m POST /verify-otp
2025-04-18 17:08:46 [[32minfo[39m] User model initialized with authentication and logging hooks
2025-04-18 17:09:02 [[32minfo[39m] User model initialized with authentication and logging hooks
2025-04-18 17:09:36 [[32minfo[39m] User model initialized with authentication and logging hooks
2025-04-18 17:09:50 [[32minfo[39m] Hashing password for user 68026b3e8aacf02f7b9f18db
2025-04-18 17:09:50 [[34mdebug[39m] Password hashed successfully for user 68026b3e8aacf02f7b9f18db
2025-04-18 17:09:50 [[34mdebug[39m] No password change detected for user 68026b3e8aacf02f7b9f18db
2025-04-18 17:09:50 [[34mdebug[39m] User updated: 68026b3e8aacf02f7b9f18db
2025-04-18 17:09:50 [[32minfo[39m] New User document created
2025-04-18 17:09:50 [[32minfo[39m] New user created: nabil@gmail.com
2025-04-18 17:09:50 [[34mdebug[39m] Password not modified for user 68026b3e8aacf02f7b9f18db
2025-04-18 17:09:50 [[34mdebug[39m] No password change detected for user 68026b3e8aacf02f7b9f18db
2025-04-18 17:09:50 [[34mdebug[39m] User updated: 68026b3e8aacf02f7b9f18db
2025-04-18 17:09:50 [[34mdebug[39m] User saved: nabil@gmail.com
2025-04-18 17:09:53 [[32minfo[39m] OTP sent to nabil@gmail.com
2025-04-18 17:09:53 [[32minfo[39m] [32m201[0m POST /signup
2025-04-18 17:10:04 [[32minfo[39m] [31m500[0m POST /verify-otp
2025-04-18 17:11:00 [[32minfo[39m] User model initialized with authentication and logging hooks
2025-04-18 17:11:05 [[32minfo[39m] User model initialized with authentication and logging hooks
2025-04-18 17:11:08 [[34mdebug[39m] Password not modified for user 68026b3e8aacf02f7b9f18db
2025-04-18 17:11:08 [[34mdebug[39m] No password change detected for user 68026b3e8aacf02f7b9f18db
2025-04-18 17:11:08 [[34mdebug[39m] User updated: 68026b3e8aacf02f7b9f18db
2025-04-18 17:11:11 [[32minfo[39m] User nabil@gmail.com verified via OTP
2025-04-18 17:11:11 [[34mdebug[39m] Access token generated successfully
2025-04-18 17:11:11 [[34mdebug[39m] Refresh token generated successfully
2025-04-18 17:11:11 [[32minfo[39m] Authentication tokens generated for 68026b3e8aacf02f7b9f18db (undefined)
2025-04-18 17:11:11 [[32minfo[39m] [32m200[0m POST /verify-otp
2025-04-18 17:11:37 [[32minfo[39m] Hashing password for user 68026ba9004de4cfe4987dc7
2025-04-18 17:11:37 [[34mdebug[39m] Password hashed successfully for user 68026ba9004de4cfe4987dc7
2025-04-18 17:11:37 [[34mdebug[39m] No password change detected for user 68026ba9004de4cfe4987dc7
2025-04-18 17:11:38 [[34mdebug[39m] User updated: 68026ba9004de4cfe4987dc7
2025-04-18 17:11:38 [[32minfo[39m] New User document created
2025-04-18 17:11:38 [[32minfo[39m] New user created: nabil@gmail.com
2025-04-18 17:11:38 [[34mdebug[39m] Password not modified for user 68026ba9004de4cfe4987dc7
2025-04-18 17:11:38 [[34mdebug[39m] No password change detected for user 68026ba9004de4cfe4987dc7
2025-04-18 17:11:38 [[34mdebug[39m] User updated: 68026ba9004de4cfe4987dc7
2025-04-18 17:11:38 [[34mdebug[39m] User saved: nabil@gmail.com
2025-04-18 17:11:40 [[32minfo[39m] OTP sent to nabil@gmail.com
2025-04-18 17:11:40 [[32minfo[39m] [32m201[0m POST /signup
2025-04-18 17:11:55 [[34mdebug[39m] Password not modified for user 68026ba9004de4cfe4987dc7
2025-04-18 17:11:55 [[34mdebug[39m] No password change detected for user 68026ba9004de4cfe4987dc7
2025-04-18 17:11:55 [[34mdebug[39m] User updated: 68026ba9004de4cfe4987dc7
2025-04-18 17:11:58 [[32minfo[39m] User nabil@gmail.com verified via OTP
2025-04-18 17:11:58 [[34mdebug[39m] Access token generated successfully
2025-04-18 17:11:58 [[34mdebug[39m] Refresh token generated successfully
2025-04-18 17:11:58 [[32minfo[39m] Authentication tokens generated for 68026ba9004de4cfe4987dc7 (undefined)
2025-04-18 17:11:58 [[32minfo[39m] [32m200[0m POST /verify-otp
2025-04-18 17:12:19 [[32minfo[39m] Hashing password for user 68026bd3004de4cfe4987dcc
2025-04-18 17:12:19 [[34mdebug[39m] Password hashed successfully for user 68026bd3004de4cfe4987dcc
2025-04-18 17:12:19 [[34mdebug[39m] No password change detected for user 68026bd3004de4cfe4987dcc
2025-04-18 17:12:19 [[34mdebug[39m] User updated: 68026bd3004de4cfe4987dcc
2025-04-18 17:12:19 [[32minfo[39m] New User document created
2025-04-18 17:12:19 [[32minfo[39m] New user created: nabil@gmail.com
2025-04-18 17:12:19 [[34mdebug[39m] Password not modified for user 68026bd3004de4cfe4987dcc
2025-04-18 17:12:19 [[34mdebug[39m] No password change detected for user 68026bd3004de4cfe4987dcc
2025-04-18 17:12:19 [[34mdebug[39m] User updated: 68026bd3004de4cfe4987dcc
2025-04-18 17:12:19 [[34mdebug[39m] User saved: nabil@gmail.com
2025-04-18 17:12:22 [[32minfo[39m] OTP sent to nabil@gmail.com
2025-04-18 17:12:22 [[32minfo[39m] [32m201[0m POST /signup
2025-04-18 17:12:37 [[34mdebug[39m] Password not modified for user 679f9a3a9405e52300a6a745
2025-04-18 17:12:37 [[34mdebug[39m] No password change detected for user 679f9a3a9405e52300a6a745
2025-04-18 17:12:37 [[34mdebug[39m] User updated: 679f9a3a9405e52300a6a745
2025-04-18 17:12:37 [[32minfo[39m] Generated new OTP for assil@gmail.com
2025-04-18 17:12:40 [[32minfo[39m] Resent OTP to assil@gmail.com
2025-04-18 17:12:40 [[32minfo[39m] [32m200[0m POST /resend-otp
2025-04-18 17:12:55 [[32minfo[39m] [33m400[0m POST /verify-otp
2025-04-18 17:14:13 [[32minfo[39m] User model initialized with authentication and logging hooks
2025-04-18 17:14:16 [[32minfo[39m] User model initialized with authentication and logging hooks
2025-04-18 17:14:36 [[32minfo[39m] Hashing password for user 68026c5c74b4d256c6f8de3f
2025-04-18 17:14:37 [[34mdebug[39m] Password hashed successfully for user 68026c5c74b4d256c6f8de3f
2025-04-18 17:14:37 [[34mdebug[39m] No password change detected for user 68026c5c74b4d256c6f8de3f
2025-04-18 17:14:37 [[34mdebug[39m] User updated: 68026c5c74b4d256c6f8de3f
2025-04-18 17:14:37 [[32minfo[39m] New User document created
2025-04-18 17:14:37 [[32minfo[39m] New user created: nabil@gmail.com
2025-04-18 17:14:37 [[34mdebug[39m] Password not modified for user 68026c5c74b4d256c6f8de3f
2025-04-18 17:14:37 [[34mdebug[39m] No password change detected for user 68026c5c74b4d256c6f8de3f
2025-04-18 17:14:37 [[34mdebug[39m] User updated: 68026c5c74b4d256c6f8de3f
2025-04-18 17:14:37 [[34mdebug[39m] User saved: nabil@gmail.com
2025-04-18 17:14:40 [[32minfo[39m] OTP sent to nabil@gmail.com
2025-04-18 17:14:40 [[32minfo[39m] [32m201[0m POST /signup
2025-04-18 17:14:47 [[34mdebug[39m] Password not modified for user 679f9a3a9405e52300a6a745
2025-04-18 17:14:47 [[34mdebug[39m] No password change detected for user 679f9a3a9405e52300a6a745
2025-04-18 17:14:47 [[34mdebug[39m] User updated: 679f9a3a9405e52300a6a745
2025-04-18 17:14:47 [[32minfo[39m] Generated new OTP for assil@gmail.com
2025-04-18 17:14:50 [[32minfo[39m] Resent OTP to assil@gmail.com
2025-04-18 17:14:50 [[32minfo[39m] [32m200[0m POST /resend-otp
2025-04-18 17:15:05 [[32minfo[39m] [33m400[0m POST /verify-otp
2025-04-18 17:16:31 [[32minfo[39m] User model initialized with authentication and logging hooks
2025-04-18 17:16:47 [[32minfo[39m] User model initialized with authentication and logging hooks
2025-04-18 17:17:08 [[34mdebug[39m] Password not modified for user 68026c5c74b4d256c6f8de3f
2025-04-18 17:17:08 [[34mdebug[39m] No password change detected for user 68026c5c74b4d256c6f8de3f
2025-04-18 17:17:08 [[34mdebug[39m] User updated: 68026c5c74b4d256c6f8de3f
2025-04-18 17:17:08 [[32minfo[39m] Generated new OTP for nabil@gmail.com
2025-04-18 17:17:11 [[32minfo[39m] Resent OTP to nabil@gmail.com
2025-04-18 17:17:11 [[32minfo[39m] [32m200[0m POST /resend-otp
2025-04-18 17:17:22 [[34mdebug[39m] Password not modified for user 68026c5c74b4d256c6f8de3f
2025-04-18 17:17:22 [[34mdebug[39m] No password change detected for user 68026c5c74b4d256c6f8de3f
2025-04-18 17:17:22 [[34mdebug[39m] User updated: 68026c5c74b4d256c6f8de3f
2025-04-18 17:17:24 [[32minfo[39m] User nabil@gmail.com verified via OTP
2025-04-18 17:17:24 [[34mdebug[39m] Access token generated successfully
2025-04-18 17:17:24 [[34mdebug[39m] Refresh token generated successfully
2025-04-18 17:17:24 [[32minfo[39m] Authentication tokens generated for 68026c5c74b4d256c6f8de3f (undefined)
2025-04-18 17:17:24 [[32minfo[39m] [32m200[0m POST /verify-otp
2025-04-18 17:23:31 [[32minfo[39m] User model initialized with authentication and logging hooks
2025-04-18 17:23:50 [[32minfo[39m] User model initialized with authentication and logging hooks
