2025-04-18 21:28:43 [[31merror[39m] Error: Cannot find module './env'
Require stack:
- C:\Users\User\Desktop\ekyc-hackathoon\backend\src\core\queue.js
- C:\Users\User\Desktop\ekyc-hackathoon\backend\src\kyc\kycController.js
- C:\Users\User\Desktop\ekyc-hackathoon\backend\src\kyc\kycRoutes.js
- C:\Users\User\Desktop\ekyc-hackathoon\backend\src\routes\index.js
- C:\Users\User\Desktop\ekyc-hackathoon\backend\src\app.js
- C:\Users\User\Desktop\ekyc-hackathoon\backend\src\server.js
    at Module._resolveFilename (node:internal/modules/cjs/loader:1145:15)
    at Module._load (node:internal/modules/cjs/loader:986:27)
    at Module.require (node:internal/modules/cjs/loader:1233:19)
    at require (node:internal/modules/helpers:179:18)
    at Object.<anonymous> (C:\Users\User\Desktop\ekyc-hackathoon\backend\src\core\queue.js:2:20)
    at Module._compile (node:internal/modules/cjs/loader:1358:14)
    at Module._extensions..js (node:internal/modules/cjs/loader:1416:10)
    at Module.load (node:internal/modules/cjs/loader:1208:32)
    at Module._load (node:internal/modules/cjs/loader:1024:12)
    at Module.require (node:internal/modules/cjs/loader:1233:19)
    at require (node:internal/modules/helpers:179:18)
    at Object.<anonymous> (C:\Users\User\Desktop\ekyc-hackathoon\backend\src\kyc\kycController.js:3:22)
    at Module._compile (node:internal/modules/cjs/loader:1358:14)
    at Module._extensions..js (node:internal/modules/cjs/loader:1416:10)
    at Module.load (node:internal/modules/cjs/loader:1208:32)
    at Module._load (node:internal/modules/cjs/loader:1024:12)
2025-04-18 21:30:16 [[31merror[39m] Error: Cannot find module './env'
Require stack:
- C:\Users\User\Desktop\ekyc-hackathoon\backend\src\core\queue.js
- C:\Users\User\Desktop\ekyc-hackathoon\backend\src\kyc\kycController.js
- C:\Users\User\Desktop\ekyc-hackathoon\backend\src\kyc\kycRoutes.js
- C:\Users\User\Desktop\ekyc-hackathoon\backend\src\routes\index.js
- C:\Users\User\Desktop\ekyc-hackathoon\backend\src\app.js
- C:\Users\User\Desktop\ekyc-hackathoon\backend\src\server.js
    at Module._resolveFilename (node:internal/modules/cjs/loader:1145:15)
    at Module._load (node:internal/modules/cjs/loader:986:27)
    at Module.require (node:internal/modules/cjs/loader:1233:19)
    at require (node:internal/modules/helpers:179:18)
    at Object.<anonymous> (C:\Users\User\Desktop\ekyc-hackathoon\backend\src\core\queue.js:2:20)
    at Module._compile (node:internal/modules/cjs/loader:1358:14)
    at Module._extensions..js (node:internal/modules/cjs/loader:1416:10)
    at Module.load (node:internal/modules/cjs/loader:1208:32)
    at Module._load (node:internal/modules/cjs/loader:1024:12)
    at Module.require (node:internal/modules/cjs/loader:1233:19)
    at require (node:internal/modules/helpers:179:18)
    at Object.<anonymous> (C:\Users\User\Desktop\ekyc-hackathoon\backend\src\kyc\kycController.js:3:22)
    at Module._compile (node:internal/modules/cjs/loader:1358:14)
    at Module._extensions..js (node:internal/modules/cjs/loader:1416:10)
    at Module.load (node:internal/modules/cjs/loader:1208:32)
    at Module._load (node:internal/modules/cjs/loader:1024:12)
2025-04-18 21:30:23 [[31merror[39m] Error: Cannot find module './env'
Require stack:
- C:\Users\User\Desktop\ekyc-hackathoon\backend\src\core\queue.js
- C:\Users\User\Desktop\ekyc-hackathoon\backend\src\kyc\kycController.js
- C:\Users\User\Desktop\ekyc-hackathoon\backend\src\kyc\kycRoutes.js
- C:\Users\User\Desktop\ekyc-hackathoon\backend\src\routes\index.js
- C:\Users\User\Desktop\ekyc-hackathoon\backend\src\app.js
- C:\Users\User\Desktop\ekyc-hackathoon\backend\src\server.js
    at Module._resolveFilename (node:internal/modules/cjs/loader:1145:15)
    at Module._load (node:internal/modules/cjs/loader:986:27)
    at Module.require (node:internal/modules/cjs/loader:1233:19)
    at require (node:internal/modules/helpers:179:18)
    at Object.<anonymous> (C:\Users\User\Desktop\ekyc-hackathoon\backend\src\core\queue.js:2:20)
    at Module._compile (node:internal/modules/cjs/loader:1358:14)
    at Module._extensions..js (node:internal/modules/cjs/loader:1416:10)
    at Module.load (node:internal/modules/cjs/loader:1208:32)
    at Module._load (node:internal/modules/cjs/loader:1024:12)
    at Module.require (node:internal/modules/cjs/loader:1233:19)
    at require (node:internal/modules/helpers:179:18)
    at Object.<anonymous> (C:\Users\User\Desktop\ekyc-hackathoon\backend\src\kyc\kycController.js:3:22)
    at Module._compile (node:internal/modules/cjs/loader:1358:14)
    at Module._extensions..js (node:internal/modules/cjs/loader:1416:10)
    at Module.load (node:internal/modules/cjs/loader:1208:32)
    at Module._load (node:internal/modules/cjs/loader:1024:12)
2025-04-18 21:30:30 [[31merror[39m] Error: Cannot find module './env'
Require stack:
- C:\Users\User\Desktop\ekyc-hackathoon\backend\src\core\queue.js
- C:\Users\User\Desktop\ekyc-hackathoon\backend\src\kyc\kycController.js
- C:\Users\User\Desktop\ekyc-hackathoon\backend\src\kyc\kycRoutes.js
- C:\Users\User\Desktop\ekyc-hackathoon\backend\src\routes\index.js
- C:\Users\User\Desktop\ekyc-hackathoon\backend\src\app.js
- C:\Users\User\Desktop\ekyc-hackathoon\backend\src\server.js
    at Module._resolveFilename (node:internal/modules/cjs/loader:1145:15)
    at Module._load (node:internal/modules/cjs/loader:986:27)
    at Module.require (node:internal/modules/cjs/loader:1233:19)
    at require (node:internal/modules/helpers:179:18)
    at Object.<anonymous> (C:\Users\User\Desktop\ekyc-hackathoon\backend\src\core\queue.js:2:20)
    at Module._compile (node:internal/modules/cjs/loader:1358:14)
    at Module._extensions..js (node:internal/modules/cjs/loader:1416:10)
    at Module.load (node:internal/modules/cjs/loader:1208:32)
    at Module._load (node:internal/modules/cjs/loader:1024:12)
    at Module.require (node:internal/modules/cjs/loader:1233:19)
    at require (node:internal/modules/helpers:179:18)
    at Object.<anonymous> (C:\Users\User\Desktop\ekyc-hackathoon\backend\src\kyc\kycController.js:3:22)
    at Module._compile (node:internal/modules/cjs/loader:1358:14)
    at Module._extensions..js (node:internal/modules/cjs/loader:1416:10)
    at Module.load (node:internal/modules/cjs/loader:1208:32)
    at Module._load (node:internal/modules/cjs/loader:1024:12)
