2025-04-19 00:02:18 [[32minfo[39m] User model initialized with authentication and logging hooks
2025-04-19 00:03:55 [[32minfo[39m] User model initialized with authentication and logging hooks
2025-04-19 00:07:09 [[34mdebug[39m] Verifying JWT token
2025-04-19 00:07:09 [[31merror[39m] JsonWebTokenError: jwt malformed
    at module.exports (C:\Users\User\Desktop\ekyc-hackathoon\backend\node_modules\jsonwebtoken\verify.js:70:17)
    at node:internal/util:430:7
    at new Promise (<anonymous>)
    at node:internal/util:416:12
    at verifyToken (C:\Users\User\Desktop\ekyc-hackathoon\backend\src\core\JWT.js:63:48)
    at C:\Users\User\Desktop\ekyc-hackathoon\backend\src\Auth\authMiddlewares.js:31:27
    at C:\Users\User\Desktop\ekyc-hackathoon\backend\src\middlewares\catchAsync.js:3:7
    at Layer.handle [as handle_request] (C:\Users\User\Desktop\ekyc-hackathoon\backend\node_modules\express\lib\router\layer.js:95:5)
    at trim_prefix (C:\Users\User\Desktop\ekyc-hackathoon\backend\node_modules\express\lib\router\index.js:328:13)
    at C:\Users\User\Desktop\ekyc-hackathoon\backend\node_modules\express\lib\router\index.js:286:9
    at Function.process_params (C:\Users\User\Desktop\ekyc-hackathoon\backend\node_modules\express\lib\router\index.js:346:12)
    at next (C:\Users\User\Desktop\ekyc-hackathoon\backend\node_modules\express\lib\router\index.js:280:10)
    at Function.handle (C:\Users\User\Desktop\ekyc-hackathoon\backend\node_modules\express\lib\router\index.js:175:3)
    at router (C:\Users\User\Desktop\ekyc-hackathoon\backend\node_modules\express\lib\router\index.js:47:12)
    at Layer.handle [as handle_request] (C:\Users\User\Desktop\ekyc-hackathoon\backend\node_modules\express\lib\router\layer.js:95:5)
    at trim_prefix (C:\Users\User\Desktop\ekyc-hackathoon\backend\node_modules\express\lib\router\index.js:328:13)
2025-04-19 00:07:09 [[31merror[39m] Token verification failed: Invalid or expired token
2025-04-19 00:07:09 [[32minfo[39m] [33m401[0m POST /api/v1/kyc/submit
2025-04-19 00:27:53 [[32minfo[39m] User model initialized with authentication and logging hooks
2025-04-19 00:28:09 [[34mdebug[39m] Verifying JWT token
2025-04-19 00:28:09 [[34mdebug[39m] Token verified successfully
2025-04-19 00:28:09 [[34mdebug[39m] Checking password change status for user 6802a9a5f5182bb86488b3c9
2025-04-19 00:28:09 [[32minfo[39m] User 6802a9a5f5182bb86488b3c9 (undefined) granted access
2025-04-19 00:28:09 [[32minfo[39m] [32m202[0m POST /submit
2025-04-19 01:36:00 [[34mdebug[39m] Verifying JWT token
2025-04-19 01:36:00 [[31merror[39m] JsonWebTokenError: jwt malformed
    at module.exports (C:\Users\User\Desktop\ekyc-hackathoon\backend\node_modules\jsonwebtoken\verify.js:70:17)
    at node:internal/util:430:7
    at new Promise (<anonymous>)
    at node:internal/util:416:12
    at verifyToken (C:\Users\User\Desktop\ekyc-hackathoon\backend\src\core\JWT.js:63:48)
    at C:\Users\User\Desktop\ekyc-hackathoon\backend\src\Auth\authMiddlewares.js:31:27
    at C:\Users\User\Desktop\ekyc-hackathoon\backend\src\middlewares\catchAsync.js:3:7
    at Layer.handle [as handle_request] (C:\Users\User\Desktop\ekyc-hackathoon\backend\node_modules\express\lib\router\layer.js:95:5)
    at trim_prefix (C:\Users\User\Desktop\ekyc-hackathoon\backend\node_modules\express\lib\router\index.js:328:13)
    at C:\Users\User\Desktop\ekyc-hackathoon\backend\node_modules\express\lib\router\index.js:286:9
    at Function.process_params (C:\Users\User\Desktop\ekyc-hackathoon\backend\node_modules\express\lib\router\index.js:346:12)
    at next (C:\Users\User\Desktop\ekyc-hackathoon\backend\node_modules\express\lib\router\index.js:280:10)
    at Function.handle (C:\Users\User\Desktop\ekyc-hackathoon\backend\node_modules\express\lib\router\index.js:175:3)
    at router (C:\Users\User\Desktop\ekyc-hackathoon\backend\node_modules\express\lib\router\index.js:47:12)
    at Layer.handle [as handle_request] (C:\Users\User\Desktop\ekyc-hackathoon\backend\node_modules\express\lib\router\layer.js:95:5)
    at trim_prefix (C:\Users\User\Desktop\ekyc-hackathoon\backend\node_modules\express\lib\router\index.js:328:13)
2025-04-19 01:36:00 [[31merror[39m] Token verification failed: Invalid or expired token
2025-04-19 01:36:00 [[32minfo[39m] [33m401[0m POST /api/v1/kyc/submit
2025-04-19 01:40:10 [[34mdebug[39m] Initiating password validation for user 6802a9a5f5182bb86488b3c9
2025-04-19 01:40:11 [[34mdebug[39m] Password validation result for user 6802a9a5f5182bb86488b3c9: true
2025-04-19 01:40:11 [[34mdebug[39m] Password not modified for user 6802a9a5f5182bb86488b3c9
2025-04-19 01:40:11 [[34mdebug[39m] No password change detected for user 6802a9a5f5182bb86488b3c9
2025-04-19 01:40:11 [[34mdebug[39m] User updated: 6802a9a5f5182bb86488b3c9
2025-04-19 01:40:11 [[34mdebug[39m] User saved: nabil@gmail.com
2025-04-19 01:40:11 [[32minfo[39m] Successful login for nabil@gmail.com
2025-04-19 01:40:11 [[34mdebug[39m] Access token generated successfully
2025-04-19 01:40:11 [[34mdebug[39m] Refresh token generated successfully
2025-04-19 01:40:11 [[32minfo[39m] Authentication tokens generated for 6802a9a5f5182bb86488b3c9 (undefined)
2025-04-19 01:40:11 [[32minfo[39m] [32m200[0m POST /login
2025-04-19 01:41:02 [[34mdebug[39m] Verifying JWT token
2025-04-19 01:41:02 [[34mdebug[39m] Token verified successfully
2025-04-19 01:41:02 [[34mdebug[39m] Checking password change status for user 6802a9a5f5182bb86488b3c9
2025-04-19 01:41:02 [[32minfo[39m] User 6802a9a5f5182bb86488b3c9 (undefined) granted access
2025-04-19 01:41:02 [[34mdebug[39m] Password not modified for user 6802a9a5f5182bb86488b3c9
2025-04-19 01:41:02 [[34mdebug[39m] No password change detected for user 6802a9a5f5182bb86488b3c9
2025-04-19 01:41:02 [[34mdebug[39m] User updated: 6802a9a5f5182bb86488b3c9
2025-04-19 01:41:02 [[32minfo[39m] Token version updated for user: nabil@gmail.com
2025-04-19 01:41:02 [[32minfo[39m] User nabil@gmail.com logged out
2025-04-19 01:41:02 [[32minfo[39m] [32m200[0m POST /logout
2025-04-19 01:41:06 [[32minfo[39m] Hashing password for user 6802e312879943774e290eeb
2025-04-19 01:41:06 [[34mdebug[39m] Password hashed successfully for user 6802e312879943774e290eeb
2025-04-19 01:41:06 [[34mdebug[39m] No password change detected for user 6802e312879943774e290eeb
2025-04-19 01:41:06 [[34mdebug[39m] User updated: 6802e312879943774e290eeb
2025-04-19 01:41:06 [[32minfo[39m] New User document created
2025-04-19 01:41:06 [[32minfo[39m] New user created: hamza@gmail.com
2025-04-19 01:41:06 [[34mdebug[39m] Password not modified for user 6802e312879943774e290eeb
2025-04-19 01:41:06 [[34mdebug[39m] No password change detected for user 6802e312879943774e290eeb
2025-04-19 01:41:06 [[34mdebug[39m] User updated: 6802e312879943774e290eeb
2025-04-19 01:41:06 [[34mdebug[39m] User saved: hamza@gmail.com
2025-04-19 01:41:09 [[32minfo[39m] OTP sent to hamza@gmail.com
2025-04-19 01:41:09 [[32minfo[39m] [32m201[0m POST /signup
2025-04-19 01:42:36 [[34mdebug[39m] Password not modified for user 6802e312879943774e290eeb
2025-04-19 01:42:36 [[34mdebug[39m] No password change detected for user 6802e312879943774e290eeb
2025-04-19 01:42:36 [[34mdebug[39m] User updated: 6802e312879943774e290eeb
2025-04-19 01:42:38 [[32minfo[39m] User hamza@gmail.com verified via OTP
2025-04-19 01:42:39 [[34mdebug[39m] Access token generated successfully
2025-04-19 01:42:39 [[34mdebug[39m] Refresh token generated successfully
2025-04-19 01:42:39 [[32minfo[39m] Authentication tokens generated for 6802e312879943774e290eeb (undefined)
2025-04-19 01:42:39 [[32minfo[39m] [32m200[0m POST /verify-otp
2025-04-19 01:44:37 [[34mdebug[39m] Verifying JWT token
2025-04-19 01:44:37 [[34mdebug[39m] Token verified successfully
2025-04-19 01:44:37 [[34mdebug[39m] Checking password change status for user 6802e312879943774e290eeb
2025-04-19 01:44:37 [[32minfo[39m] User 6802e312879943774e290eeb (undefined) granted access
2025-04-19 01:44:37 [[32minfo[39m] [32m202[0m POST /submit
2025-04-19 02:47:22 [[34mdebug[39m] Verifying JWT token
2025-04-19 02:47:22 [[34mdebug[39m] Token verified successfully
2025-04-19 02:47:23 [[34mdebug[39m] Checking password change status for user 6802e312879943774e290eeb
2025-04-19 02:47:23 [[32minfo[39m] User 6802e312879943774e290eeb (undefined) granted access
2025-04-19 02:47:23 [[32minfo[39m] [32m202[0m POST /submit
2025-04-19 03:09:29 [[32minfo[39m] User model initialized with authentication and logging hooks
2025-04-19 03:09:36 [[34mdebug[39m] Verifying JWT token
2025-04-19 03:09:36 [[34mdebug[39m] Token verified successfully
2025-04-19 03:09:36 [[34mdebug[39m] Checking password change status for user 6802e312879943774e290eeb
2025-04-19 03:09:36 [[32minfo[39m] User 6802e312879943774e290eeb (undefined) granted access
2025-04-19 03:09:37 [[32minfo[39m] [32m202[0m POST /submit
2025-04-19 03:10:03 [[34mdebug[39m] Verifying JWT token
2025-04-19 03:10:03 [[34mdebug[39m] Token verified successfully
2025-04-19 03:10:03 [[34mdebug[39m] Checking password change status for user 6802e312879943774e290eeb
2025-04-19 03:10:03 [[32minfo[39m] User 6802e312879943774e290eeb (undefined) granted access
2025-04-19 03:10:04 [[32minfo[39m] [32m202[0m POST /submit
2025-04-19 09:04:14 [[32minfo[39m] User model initialized with authentication and logging hooks
2025-04-19 09:41:34 [[34mdebug[39m] Initiating password validation for user 6802a9a5f5182bb86488b3c9
2025-04-19 09:41:35 [[34mdebug[39m] Password validation result for user 6802a9a5f5182bb86488b3c9: true
2025-04-19 09:41:35 [[34mdebug[39m] Password not modified for user 6802a9a5f5182bb86488b3c9
2025-04-19 09:41:35 [[34mdebug[39m] No password change detected for user 6802a9a5f5182bb86488b3c9
2025-04-19 09:41:35 [[34mdebug[39m] User updated: 6802a9a5f5182bb86488b3c9
2025-04-19 09:41:35 [[34mdebug[39m] User saved: nabil@gmail.com
2025-04-19 09:41:35 [[32minfo[39m] Successful login for nabil@gmail.com
2025-04-19 09:41:35 [[34mdebug[39m] Access token generated successfully
2025-04-19 09:41:35 [[34mdebug[39m] Refresh token generated successfully
2025-04-19 09:41:35 [[32minfo[39m] Authentication tokens generated for 6802a9a5f5182bb86488b3c9 (undefined)
2025-04-19 09:41:35 [[32minfo[39m] [32m200[0m POST /login
2025-04-19 09:41:40 [[34mdebug[39m] Verifying JWT token
2025-04-19 09:41:40 [[34mdebug[39m] Token verified successfully
2025-04-19 09:41:40 [[34mdebug[39m] Checking password change status for user 6802a9a5f5182bb86488b3c9
2025-04-19 09:41:40 [[32minfo[39m] User 6802a9a5f5182bb86488b3c9 (undefined) granted access
2025-04-19 09:41:40 [[32minfo[39m] [31m500[0m POST /submit
2025-04-19 09:44:56 [[34mdebug[39m] Verifying JWT token
2025-04-19 09:44:56 [[34mdebug[39m] Token verified successfully
2025-04-19 09:44:56 [[34mdebug[39m] Checking password change status for user 6802a9a5f5182bb86488b3c9
2025-04-19 09:44:56 [[32minfo[39m] User 6802a9a5f5182bb86488b3c9 (undefined) granted access
2025-04-19 09:44:56 [[32minfo[39m] [31m500[0m POST /submit
2025-04-19 09:47:33 [[32minfo[39m] User model initialized with authentication and logging hooks
2025-04-19 09:48:30 [[32minfo[39m] User model initialized with authentication and logging hooks
2025-04-19 09:48:36 [[34mdebug[39m] Verifying JWT token
2025-04-19 09:48:36 [[34mdebug[39m] Token verified successfully
2025-04-19 09:48:36 [[34mdebug[39m] Checking password change status for user 6802a9a5f5182bb86488b3c9
2025-04-19 09:48:36 [[32minfo[39m] User 6802a9a5f5182bb86488b3c9 (undefined) granted access
2025-04-19 09:48:36 [[32minfo[39m] [33m400[0m POST /submit
2025-04-19 09:51:53 [[32minfo[39m] User model initialized with authentication and logging hooks
2025-04-19 09:51:58 [[34mdebug[39m] Verifying JWT token
2025-04-19 09:51:58 [[34mdebug[39m] Token verified successfully
2025-04-19 09:51:58 [[34mdebug[39m] Checking password change status for user 6802a9a5f5182bb86488b3c9
2025-04-19 09:51:58 [[32minfo[39m] User 6802a9a5f5182bb86488b3c9 (undefined) granted access
2025-04-19 09:51:58 [[32minfo[39m] [33m400[0m POST /submit
2025-04-19 09:55:18 [[34mdebug[39m] Initiating password validation for user 6802a9a5f5182bb86488b3c9
2025-04-19 09:55:18 [[34mdebug[39m] Password validation result for user 6802a9a5f5182bb86488b3c9: true
2025-04-19 09:55:18 [[34mdebug[39m] Password not modified for user 6802a9a5f5182bb86488b3c9
2025-04-19 09:55:18 [[34mdebug[39m] No password change detected for user 6802a9a5f5182bb86488b3c9
2025-04-19 09:55:18 [[34mdebug[39m] User updated: 6802a9a5f5182bb86488b3c9
2025-04-19 09:55:18 [[34mdebug[39m] User saved: nabil@gmail.com
2025-04-19 09:55:18 [[32minfo[39m] Successful login for nabil@gmail.com
2025-04-19 09:55:18 [[34mdebug[39m] Access token generated successfully
2025-04-19 09:55:18 [[34mdebug[39m] Refresh token generated successfully
2025-04-19 09:55:18 [[32minfo[39m] Authentication tokens generated for 6802a9a5f5182bb86488b3c9 (undefined)
2025-04-19 09:55:18 [[32minfo[39m] [32m200[0m POST /login
2025-04-19 10:00:12 [[32minfo[39m] User model initialized with authentication and logging hooks
2025-04-19 10:01:27 [[32minfo[39m] User model initialized with authentication and logging hooks
2025-04-19 10:01:33 [[34mdebug[39m] Verifying JWT token
2025-04-19 10:01:33 [[34mdebug[39m] Token verified successfully
2025-04-19 10:01:33 [[34mdebug[39m] Checking password change status for user 6802a9a5f5182bb86488b3c9
2025-04-19 10:01:33 [[32minfo[39m] User 6802a9a5f5182bb86488b3c9 (undefined) granted access
2025-04-19 10:01:33 [[32minfo[39m] [33m400[0m POST /submit
2025-04-19 10:02:44 [[32minfo[39m] User model initialized with authentication and logging hooks
2025-04-19 10:02:49 [[34mdebug[39m] Verifying JWT token
2025-04-19 10:02:49 [[34mdebug[39m] Token verified successfully
2025-04-19 10:02:49 [[34mdebug[39m] Checking password change status for user 6802a9a5f5182bb86488b3c9
2025-04-19 10:02:49 [[32minfo[39m] User 6802a9a5f5182bb86488b3c9 (undefined) granted access
2025-04-19 10:02:49 [[32minfo[39m] [33m400[0m POST /submit
2025-04-19 10:03:39 [[32minfo[39m] User model initialized with authentication and logging hooks
2025-04-19 10:03:44 [[34mdebug[39m] Verifying JWT token
2025-04-19 10:03:44 [[34mdebug[39m] Token verified successfully
2025-04-19 10:03:44 [[34mdebug[39m] Checking password change status for user 6802a9a5f5182bb86488b3c9
2025-04-19 10:03:44 [[32minfo[39m] User 6802a9a5f5182bb86488b3c9 (undefined) granted access
2025-04-19 10:03:44 [[32minfo[39m] [33m400[0m POST /submit
2025-04-19 10:04:16 [[32minfo[39m] User model initialized with authentication and logging hooks
2025-04-19 10:35:03 [[32minfo[39m] User model initialized with authentication and logging hooks
2025-04-19 10:35:13 [[34mdebug[39m] Verifying JWT token
2025-04-19 10:35:13 [[34mdebug[39m] Token verified successfully
2025-04-19 10:35:14 [[34mdebug[39m] Checking password change status for user 6802a9a5f5182bb86488b3c9
2025-04-19 10:35:14 [[32minfo[39m] User 6802a9a5f5182bb86488b3c9 (undefined) granted access
2025-04-19 10:35:14 [[32minfo[39m] [33m400[0m POST /submit
2025-04-19 10:44:08 [[34mdebug[39m] Verifying JWT token
2025-04-19 10:44:08 [[34mdebug[39m] Token verified successfully
2025-04-19 10:44:08 [[34mdebug[39m] Checking password change status for user 6802a9a5f5182bb86488b3c9
2025-04-19 10:44:08 [[32minfo[39m] User 6802a9a5f5182bb86488b3c9 (undefined) granted access
2025-04-19 10:44:09 [[32minfo[39m] [32m202[0m POST /submit
2025-04-19 10:50:45 [[34mdebug[39m] Verifying JWT token
2025-04-19 10:50:45 [[34mdebug[39m] Token verified successfully
2025-04-19 10:50:45 [[34mdebug[39m] Checking password change status for user 6802e312879943774e290eeb
2025-04-19 10:50:45 [[32minfo[39m] User 6802e312879943774e290eeb (undefined) granted access
2025-04-19 10:50:45 [[32minfo[39m] [32m202[0m POST /submit
2025-04-19 11:03:10 [[32minfo[39m] User model initialized with authentication and logging hooks
2025-04-19 11:04:13 [[32minfo[39m] User model initialized with authentication and logging hooks
2025-04-19 11:21:19 [[32minfo[39m] User model initialized with authentication and logging hooks
2025-04-19 11:21:36 [[32minfo[39m] User model initialized with authentication and logging hooks
2025-04-19 11:23:32 [[32minfo[39m] User model initialized with authentication and logging hooks
2025-04-19 11:23:37 [[34mdebug[39m] Verifying JWT token
2025-04-19 11:23:37 [[34mdebug[39m] Token verified successfully
2025-04-19 11:23:37 [[34mdebug[39m] Checking password change status for user 6802e312879943774e290eeb
2025-04-19 11:23:37 [[32minfo[39m] User 6802e312879943774e290eeb (undefined) granted access
2025-04-19 11:23:38 [[32minfo[39m] [32m202[0m POST /submit
2025-04-19 11:39:24 [[32minfo[39m] User model initialized with authentication and logging hooks
2025-04-19 11:44:20 [[32minfo[39m] User model initialized with authentication and logging hooks
2025-04-19 12:09:52 [[32minfo[39m] User model initialized with authentication and logging hooks
2025-04-19 12:12:26 [[34mdebug[39m] Verifying JWT token
2025-04-19 12:12:26 [[34mdebug[39m] Token verified successfully
2025-04-19 12:12:26 [[34mdebug[39m] Checking password change status for user 6802e312879943774e290eeb
2025-04-19 12:12:26 [[32minfo[39m] User 6802e312879943774e290eeb (undefined) granted access
2025-04-19 12:12:26 [[32minfo[39m] [32m202[0m POST /submit
2025-04-19 12:28:29 [[32minfo[39m] User model initialized with authentication and logging hooks
2025-04-19 12:30:36 [[32minfo[39m] User model initialized with authentication and logging hooks
2025-04-19 12:31:02 [[32minfo[39m] User model initialized with authentication and logging hooks
2025-04-19 12:31:11 [[34mdebug[39m] Verifying JWT token
2025-04-19 12:31:11 [[34mdebug[39m] Token verified successfully
2025-04-19 12:31:12 [[34mdebug[39m] Checking password change status for user 6802e312879943774e290eeb
2025-04-19 12:31:12 [[32minfo[39m] User 6802e312879943774e290eeb (undefined) granted access
2025-04-19 12:31:12 [[32minfo[39m] [32m202[0m POST /submit
2025-04-19 12:42:06 [[32minfo[39m] User model initialized with authentication and logging hooks
2025-04-19 12:42:13 [[34mdebug[39m] Verifying JWT token
2025-04-19 12:42:13 [[34mdebug[39m] Token verified successfully
2025-04-19 12:42:13 [[34mdebug[39m] Checking password change status for user 6802e312879943774e290eeb
2025-04-19 12:42:13 [[32minfo[39m] User 6802e312879943774e290eeb (undefined) granted access
2025-04-19 12:42:14 [[32minfo[39m] [32m202[0m POST /submit
2025-04-19 12:43:08 [[32minfo[39m] User model initialized with authentication and logging hooks
2025-04-19 12:43:19 [[34mdebug[39m] Initiating password validation for user 6802a9a5f5182bb86488b3c9
2025-04-19 12:43:20 [[34mdebug[39m] Password validation result for user 6802a9a5f5182bb86488b3c9: true
2025-04-19 12:43:20 [[34mdebug[39m] Password not modified for user 6802a9a5f5182bb86488b3c9
2025-04-19 12:43:20 [[34mdebug[39m] No password change detected for user 6802a9a5f5182bb86488b3c9
2025-04-19 12:43:20 [[34mdebug[39m] User updated: 6802a9a5f5182bb86488b3c9
2025-04-19 12:43:20 [[34mdebug[39m] User saved: nabil@gmail.com
2025-04-19 12:43:20 [[32minfo[39m] Successful login for nabil@gmail.com
2025-04-19 12:43:20 [[34mdebug[39m] Access token generated successfully
2025-04-19 12:43:20 [[34mdebug[39m] Refresh token generated successfully
2025-04-19 12:43:20 [[32minfo[39m] Authentication tokens generated for 6802a9a5f5182bb86488b3c9 (undefined)
2025-04-19 12:43:20 [[32minfo[39m] [32m200[0m POST /login
2025-04-19 12:47:47 [[32minfo[39m] User model initialized with authentication and logging hooks
2025-04-19 12:48:32 [[32minfo[39m] User model initialized with authentication and logging hooks
2025-04-19 12:49:18 [[32minfo[39m] User model initialized with authentication and logging hooks
2025-04-19 12:50:01 [[32minfo[39m] User model initialized with authentication and logging hooks
2025-04-19 12:50:41 [[34mdebug[39m] Initiating password validation for user 6802a9a5f5182bb86488b3c9
2025-04-19 12:50:42 [[34mdebug[39m] Password validation result for user 6802a9a5f5182bb86488b3c9: true
2025-04-19 12:50:42 [[34mdebug[39m] Password not modified for user 6802a9a5f5182bb86488b3c9
2025-04-19 12:50:42 [[34mdebug[39m] No password change detected for user 6802a9a5f5182bb86488b3c9
2025-04-19 12:50:42 [[34mdebug[39m] User updated: 6802a9a5f5182bb86488b3c9
2025-04-19 12:50:42 [[34mdebug[39m] User saved: nabil@gmail.com
2025-04-19 12:50:42 [[32minfo[39m] Successful login for nabil@gmail.com
2025-04-19 12:50:42 [[34mdebug[39m] Access token generated successfully
2025-04-19 12:50:42 [[34mdebug[39m] Refresh token generated successfully
2025-04-19 12:50:42 [[32minfo[39m] Authentication tokens generated for 6802a9a5f5182bb86488b3c9 (undefined)
2025-04-19 12:50:42 [[32minfo[39m] [32m200[0m POST /login
2025-04-19 12:50:46 [[34mdebug[39m] Verifying JWT token
2025-04-19 12:50:46 [[34mdebug[39m] Token verified successfully
2025-04-19 12:50:46 [[34mdebug[39m] Checking password change status for user 6802e312879943774e290eeb
2025-04-19 12:50:46 [[32minfo[39m] User 6802e312879943774e290eeb (undefined) granted access
2025-04-19 12:50:47 [[32minfo[39m] [32m202[0m POST /submit
2025-04-19 12:53:34 [[32minfo[39m] User model initialized with authentication and logging hooks
2025-04-19 12:56:36 [[32minfo[39m] User model initialized with authentication and logging hooks
2025-04-19 12:56:52 [[34mdebug[39m] Verifying JWT token
2025-04-19 12:56:52 [[34mdebug[39m] Token verified successfully
2025-04-19 12:56:52 [[34mdebug[39m] Checking password change status for user 6802a9a5f5182bb86488b3c9
2025-04-19 12:56:52 [[32minfo[39m] User 6802a9a5f5182bb86488b3c9 (undefined) granted access
2025-04-19 12:56:53 [[32minfo[39m] [32m202[0m POST /submit
2025-04-19 18:19:24 [[32minfo[39m] User model initialized with authentication and logging hooks
2025-04-19 18:19:51 [[32minfo[39m] User model initialized with authentication and logging hooks
2025-04-19 18:20:18 [[32minfo[39m] User model initialized with authentication and logging hooks
2025-04-19 18:22:14 [[32minfo[39m] User model initialized with authentication and logging hooks
