2025-04-19 09:47:34 [[31merror[39m] Error: Cannot find module '../models/kycJobModel'
Require stack:
- C:\Users\User\Desktop\ekyc-hackathoon\Backend\src\kyc\kycController.js
- C:\Users\User\Desktop\ekyc-hackathoon\Backend\src\kyc\kycRoutes.js
- C:\Users\User\Desktop\ekyc-hackathoon\Backend\src\routes\index.js
- C:\Users\User\Desktop\ekyc-hackathoon\Backend\app.js
- C:\Users\User\Desktop\ekyc-hackathoon\Backend\server.js
    at Module._resolveFilename (node:internal/modules/cjs/loader:1145:15)
    at Module._load (node:internal/modules/cjs/loader:986:27)
    at Module.require (node:internal/modules/cjs/loader:1233:19)
    at require (node:internal/modules/helpers:179:18)
    at Object.<anonymous> (C:\Users\User\Desktop\ekyc-hackathoon\Backend\src\kyc\kycController.js:4:16)
    at Module._compile (node:internal/modules/cjs/loader:1358:14)
    at Module._extensions..js (node:internal/modules/cjs/loader:1416:10)
    at Module.load (node:internal/modules/cjs/loader:1208:32)
    at Module._load (node:internal/modules/cjs/loader:1024:12)
    at Module.require (node:internal/modules/cjs/loader:1233:19)
    at require (node:internal/modules/helpers:179:18)
    at Object.<anonymous> (C:\Users\User\Desktop\ekyc-hackathoon\Backend\src\kyc\kycRoutes.js:4:37)
    at Module._compile (node:internal/modules/cjs/loader:1358:14)
    at Module._extensions..js (node:internal/modules/cjs/loader:1416:10)
    at Module.load (node:internal/modules/cjs/loader:1208:32)
    at Module._load (node:internal/modules/cjs/loader:1024:12)
2025-04-19 10:00:13 [[31merror[39m] C:\Users\User\Desktop\ekyc-hackathoon\Backend\src\kyc\kycController.js:73
  } catch (err) {
    ^^^^^

SyntaxError: Unexpected token 'catch'
    at wrapSafe (node:internal/modules/cjs/loader:1281:20)
    at Module._compile (node:internal/modules/cjs/loader:1321:27)
    at Module._extensions..js (node:internal/modules/cjs/loader:1416:10)
    at Module.load (node:internal/modules/cjs/loader:1208:32)
    at Module._load (node:internal/modules/cjs/loader:1024:12)
    at Module.require (node:internal/modules/cjs/loader:1233:19)
    at require (node:internal/modules/helpers:179:18)
    at Object.<anonymous> (C:\Users\User\Desktop\ekyc-hackathoon\Backend\src\kyc\kycRoutes.js:3:37)
    at Module._compile (node:internal/modules/cjs/loader:1358:14)
    at Module._extensions..js (node:internal/modules/cjs/loader:1416:10)
    at Module.load (node:internal/modules/cjs/loader:1208:32)
    at Module._load (node:internal/modules/cjs/loader:1024:12)
    at Module.require (node:internal/modules/cjs/loader:1233:19)
    at require (node:internal/modules/helpers:179:18)
    at Object.<anonymous> (C:\Users\User\Desktop\ekyc-hackathoon\Backend\src\routes\index.js:3:19)
    at Module._compile (node:internal/modules/cjs/loader:1358:14)
2025-04-19 11:03:11 [[31merror[39m] C:\Users\User\Desktop\ekyc-hackathoon\Backend\src\core\kycWorker.js:20
const { kycQueue } = require('../core/queue');
        ^

SyntaxError: Identifier 'kycQueue' has already been declared
    at wrapSafe (node:internal/modules/cjs/loader:1281:20)
    at Module._compile (node:internal/modules/cjs/loader:1321:27)
    at Module._extensions..js (node:internal/modules/cjs/loader:1416:10)
    at Module.load (node:internal/modules/cjs/loader:1208:32)
    at Module._load (node:internal/modules/cjs/loader:1024:12)
    at Module.require (node:internal/modules/cjs/loader:1233:19)
    at require (node:internal/modules/helpers:179:18)
    at Object.<anonymous> (C:\Users\User\Desktop\ekyc-hackathoon\Backend\server.js:96:1)
    at Module._compile (node:internal/modules/cjs/loader:1358:14)
    at Module._extensions..js (node:internal/modules/cjs/loader:1416:10)
    at Module.load (node:internal/modules/cjs/loader:1208:32)
    at Module._load (node:internal/modules/cjs/loader:1024:12)
    at Function.executeUserEntryPoint [as runMain] (node:internal/modules/run_main:174:12)
    at node:internal/main/run_main_module:28:49
2025-04-19 11:04:14 [[31merror[39m] C:\Users\User\Desktop\ekyc-hackathoon\Backend\src\core\kycWorker.js:20
const { kycQueue } = require('../core/queue');
        ^

SyntaxError: Identifier 'kycQueue' has already been declared
    at wrapSafe (node:internal/modules/cjs/loader:1281:20)
    at Module._compile (node:internal/modules/cjs/loader:1321:27)
    at Module._extensions..js (node:internal/modules/cjs/loader:1416:10)
    at Module.load (node:internal/modules/cjs/loader:1208:32)
    at Module._load (node:internal/modules/cjs/loader:1024:12)
    at Module.require (node:internal/modules/cjs/loader:1233:19)
    at require (node:internal/modules/helpers:179:18)
    at Object.<anonymous> (C:\Users\User\Desktop\ekyc-hackathoon\Backend\server.js:96:1)
    at Module._compile (node:internal/modules/cjs/loader:1358:14)
    at Module._extensions..js (node:internal/modules/cjs/loader:1416:10)
    at Module.load (node:internal/modules/cjs/loader:1208:32)
    at Module._load (node:internal/modules/cjs/loader:1024:12)
    at Function.executeUserEntryPoint [as runMain] (node:internal/modules/run_main:174:12)
    at node:internal/main/run_main_module:28:49
2025-04-19 11:21:20 [[31merror[39m] Error: Cannot find module 'form‑data'
Require stack:
- C:\Users\User\Desktop\ekyc-hackathoon\Backend\src\core\kycWorker.js
- C:\Users\User\Desktop\ekyc-hackathoon\Backend\server.js
    at Module._resolveFilename (node:internal/modules/cjs/loader:1145:15)
    at Module._load (node:internal/modules/cjs/loader:986:27)
    at Module.require (node:internal/modules/cjs/loader:1233:19)
    at require (node:internal/modules/helpers:179:18)
    at Object.<anonymous> (C:\Users\User\Desktop\ekyc-hackathoon\Backend\src\core\kycWorker.js:10:18)
    at Module._compile (node:internal/modules/cjs/loader:1358:14)
    at Module._extensions..js (node:internal/modules/cjs/loader:1416:10)
    at Module.load (node:internal/modules/cjs/loader:1208:32)
    at Module._load (node:internal/modules/cjs/loader:1024:12)
    at Module.require (node:internal/modules/cjs/loader:1233:19)
    at require (node:internal/modules/helpers:179:18)
    at Object.<anonymous> (C:\Users\User\Desktop\ekyc-hackathoon\Backend\server.js:96:1)
    at Module._compile (node:internal/modules/cjs/loader:1358:14)
    at Module._extensions..js (node:internal/modules/cjs/loader:1416:10)
    at Module.load (node:internal/modules/cjs/loader:1208:32)
    at Module._load (node:internal/modules/cjs/loader:1024:12)
2025-04-19 11:21:37 [[31merror[39m] Error: Cannot find module 'form‑data'
Require stack:
- C:\Users\User\Desktop\ekyc-hackathoon\Backend\src\core\kycWorker.js
- C:\Users\User\Desktop\ekyc-hackathoon\Backend\server.js
    at Module._resolveFilename (node:internal/modules/cjs/loader:1145:15)
    at Module._load (node:internal/modules/cjs/loader:986:27)
    at Module.require (node:internal/modules/cjs/loader:1233:19)
    at require (node:internal/modules/helpers:179:18)
    at Object.<anonymous> (C:\Users\User\Desktop\ekyc-hackathoon\Backend\src\core\kycWorker.js:10:18)
    at Module._compile (node:internal/modules/cjs/loader:1358:14)
    at Module._extensions..js (node:internal/modules/cjs/loader:1416:10)
    at Module.load (node:internal/modules/cjs/loader:1208:32)
    at Module._load (node:internal/modules/cjs/loader:1024:12)
    at Module.require (node:internal/modules/cjs/loader:1233:19)
    at require (node:internal/modules/helpers:179:18)
    at Object.<anonymous> (C:\Users\User\Desktop\ekyc-hackathoon\Backend\server.js:96:1)
    at Module._compile (node:internal/modules/cjs/loader:1358:14)
    at Module._extensions..js (node:internal/modules/cjs/loader:1416:10)
    at Module.load (node:internal/modules/cjs/loader:1208:32)
    at Module._load (node:internal/modules/cjs/loader:1024:12)
2025-04-19 11:39:25 [[31merror[39m] Error: Cannot find module 'form‑data'
Require stack:
- C:\Users\User\Desktop\ekyc-hackathoon\Backend\src\core\kycWorker.js
- C:\Users\User\Desktop\ekyc-hackathoon\Backend\server.js
    at Module._resolveFilename (node:internal/modules/cjs/loader:1145:15)
    at Module._load (node:internal/modules/cjs/loader:986:27)
    at Module.require (node:internal/modules/cjs/loader:1233:19)
    at require (node:internal/modules/helpers:179:18)
    at Object.<anonymous> (C:\Users\User\Desktop\ekyc-hackathoon\Backend\src\core\kycWorker.js:16:18)
    at Module._compile (node:internal/modules/cjs/loader:1358:14)
    at Module._extensions..js (node:internal/modules/cjs/loader:1416:10)
    at Module.load (node:internal/modules/cjs/loader:1208:32)
    at Module._load (node:internal/modules/cjs/loader:1024:12)
    at Module.require (node:internal/modules/cjs/loader:1233:19)
    at require (node:internal/modules/helpers:179:18)
    at Object.<anonymous> (C:\Users\User\Desktop\ekyc-hackathoon\Backend\server.js:96:1)
    at Module._compile (node:internal/modules/cjs/loader:1358:14)
    at Module._extensions..js (node:internal/modules/cjs/loader:1416:10)
    at Module.load (node:internal/modules/cjs/loader:1208:32)
    at Module._load (node:internal/modules/cjs/loader:1024:12)
2025-04-19 11:44:21 [[31merror[39m] Error: Cannot find module 'form‑data'
Require stack:
- C:\Users\User\Desktop\ekyc-hackathoon\Backend\src\core\kycWorker.js
- C:\Users\User\Desktop\ekyc-hackathoon\Backend\server.js
    at Module._resolveFilename (node:internal/modules/cjs/loader:1145:15)
    at Module._load (node:internal/modules/cjs/loader:986:27)
    at Module.require (node:internal/modules/cjs/loader:1233:19)
    at require (node:internal/modules/helpers:179:18)
    at Object.<anonymous> (C:\Users\User\Desktop\ekyc-hackathoon\Backend\src\core\kycWorker.js:16:18)
    at Module._compile (node:internal/modules/cjs/loader:1358:14)
    at Module._extensions..js (node:internal/modules/cjs/loader:1416:10)
    at Module.load (node:internal/modules/cjs/loader:1208:32)
    at Module._load (node:internal/modules/cjs/loader:1024:12)
    at Module.require (node:internal/modules/cjs/loader:1233:19)
    at require (node:internal/modules/helpers:179:18)
    at Object.<anonymous> (C:\Users\User\Desktop\ekyc-hackathoon\Backend\server.js:96:1)
    at Module._compile (node:internal/modules/cjs/loader:1358:14)
    at Module._extensions..js (node:internal/modules/cjs/loader:1416:10)
    at Module.load (node:internal/modules/cjs/loader:1208:32)
    at Module._load (node:internal/modules/cjs/loader:1024:12)
